<?xml version="1.0" encoding="UTF-8"?>
<!-- Generated by org.testng.reporters.JUnitReportReporter -->
<testsuite skipped="0" hostname="DESKTOP-LOF7LS6" name="tests.ItemTests" tests="4" failures="0" timestamp="08 jul 2021 23:27:09 GMT" time="8.402" errors="0">
  <testcase name="S4_sortProducts" time="2.058" classname="tests.ItemTests"/>
  <testcase name="S5_validateMultipleItems" time="2.065" classname="tests.ItemTests"/>
  <testcase name="S6_validateProduct" time="1.982" classname="tests.ItemTests"/>
  <testcase name="completePurchase" time="2.297" classname="tests.ItemTests"/>
</testsuite> <!-- tests.ItemTests -->
