<?xml version="1.0" encoding="UTF-8"?>
<!-- Generated by org.testng.reporters.JUnitReportReporter -->
<testsuite skipped="0" hostname="DESKTOP-LOF7LS6" name="tests.LoginTests" tests="3" failures="0" timestamp="08 jul 2021 23:27:09 GMT" time="6.906" errors="0">
  <testcase name="S1_loginValidation" time="1.872" classname="tests.LoginTests"/>
  <testcase name="S2_invalidUserMessage" time="2.504" classname="tests.LoginTests"/>
  <testcase name="S3_logoutValidation" time="2.530" classname="tests.LoginTests"/>
</testsuite> <!-- tests.LoginTests -->
