<?xml version="1.0" encoding="UTF-8"?>
<!-- Generated by org.testng.reporters.JUnitReportReporter -->
<testsuite skipped="0" hostname="DESKTOP-LOF7LS6" name="tests.ItemTests" tests="4" failures="0" timestamp="09 jul 2021 00:32:31 GMT" time="8.331" errors="0">
  <testcase name="S4_sortProducts" time="2.080" classname="tests.ItemTests"/>
  <testcase name="S5_validateMultipleItems" time="2.086" classname="tests.ItemTests"/>
  <testcase name="S6_validateProduct" time="1.989" classname="tests.ItemTests"/>
  <testcase name="completePurchase" time="2.176" classname="tests.ItemTests"/>
</testsuite> <!-- tests.ItemTests -->
