<?xml version="1.0" encoding="UTF-8"?>
<!-- Generated by org.testng.reporters.JUnitReportReporter -->
<testsuite skipped="0" hostname="DESKTOP-LOF7LS6" name="tests.LoginTests" tests="3" failures="0" timestamp="09 jul 2021 00:32:31 GMT" time="7.098" errors="0">
  <testcase name="S1_loginValidation" time="1.795" classname="tests.LoginTests"/>
  <testcase name="S2_invalidUserMessage" time="1.696" classname="tests.LoginTests"/>
  <testcase name="S3_logoutValidation" time="3.607" classname="tests.LoginTests"/>
</testsuite> <!-- tests.LoginTests -->
